16-Sep-2019 18:08:34.958 INFO [main] org.apache.catalina.startup.VersionLoggerListener.log Server version name:   Apache Tomcat/9.0.24
16-Sep-2019 18:08:34.961 INFO [main] org.apache.catalina.startup.VersionLoggerListener.log Server built:          Aug 14 2019 21:16:42 UTC
16-Sep-2019 18:08:34.961 INFO [main] org.apache.catalina.startup.VersionLoggerListener.log Server version number: 9.0.24.0
16-Sep-2019 18:08:34.961 INFO [main] org.apache.catalina.startup.VersionLoggerListener.log OS Name:               Mac OS X
16-Sep-2019 18:08:34.961 INFO [main] org.apache.catalina.startup.VersionLoggerListener.log OS Version:            10.14.3
16-Sep-2019 18:08:34.961 INFO [main] org.apache.catalina.startup.VersionLoggerListener.log Architecture:          x86_64
16-Sep-2019 18:08:34.961 INFO [main] org.apache.catalina.startup.VersionLoggerListener.log Java Home:             /Library/Java/JavaVirtualMachines/jdk1.8.0_101.jdk/Contents/Home/jre
16-Sep-2019 18:08:34.962 INFO [main] org.apache.catalina.startup.VersionLoggerListener.log JVM Version:           1.8.0_101-b13
16-Sep-2019 18:08:34.962 INFO [main] org.apache.catalina.startup.VersionLoggerListener.log JVM Vendor:            Oracle Corporation
16-Sep-2019 18:08:34.962 INFO [main] org.apache.catalina.startup.VersionLoggerListener.log CATALINA_BASE:         /Users/juliachin/Desktop/CS 157A/apache-tomcat-9.0.24
16-Sep-2019 18:08:34.962 INFO [main] org.apache.catalina.startup.VersionLoggerListener.log CATALINA_HOME:         /Users/juliachin/Desktop/CS 157A/apache-tomcat-9.0.24
16-Sep-2019 18:08:34.968 INFO [main] org.apache.catalina.startup.VersionLoggerListener.log Command line argument: -Djava.util.logging.config.file=/Users/juliachin/Desktop/CS 157A/apache-tomcat-9.0.24/conf/logging.properties
16-Sep-2019 18:08:34.969 INFO [main] org.apache.catalina.startup.VersionLoggerListener.log Command line argument: -Djava.util.logging.manager=org.apache.juli.ClassLoaderLogManager
16-Sep-2019 18:08:34.969 INFO [main] org.apache.catalina.startup.VersionLoggerListener.log Command line argument: -Djdk.tls.ephemeralDHKeySize=2048
16-Sep-2019 18:08:34.969 INFO [main] org.apache.catalina.startup.VersionLoggerListener.log Command line argument: -Djava.protocol.handler.pkgs=org.apache.catalina.webresources
16-Sep-2019 18:08:34.969 INFO [main] org.apache.catalina.startup.VersionLoggerListener.log Command line argument: -Dorg.apache.catalina.security.SecurityListener.UMASK=0027
16-Sep-2019 18:08:34.969 INFO [main] org.apache.catalina.startup.VersionLoggerListener.log Command line argument: -Dignore.endorsed.dirs=
16-Sep-2019 18:08:34.969 INFO [main] org.apache.catalina.startup.VersionLoggerListener.log Command line argument: -Dcatalina.base=/Users/juliachin/Desktop/CS 157A/apache-tomcat-9.0.24
16-Sep-2019 18:08:34.970 INFO [main] org.apache.catalina.startup.VersionLoggerListener.log Command line argument: -Dcatalina.home=/Users/juliachin/Desktop/CS 157A/apache-tomcat-9.0.24
16-Sep-2019 18:08:34.970 INFO [main] org.apache.catalina.startup.VersionLoggerListener.log Command line argument: -Djava.io.tmpdir=/Users/juliachin/Desktop/CS 157A/apache-tomcat-9.0.24/temp
16-Sep-2019 18:08:34.970 INFO [main] org.apache.catalina.core.AprLifecycleListener.lifecycleEvent The APR based Apache Tomcat Native library which allows optimal performance in production environments was not found on the java.library.path: [/Users/juliachin/Library/Java/Extensions:/Library/Java/Extensions:/Network/Library/Java/Extensions:/System/Library/Java/Extensions:/usr/lib/java:.]
16-Sep-2019 18:08:35.359 INFO [main] org.apache.coyote.AbstractProtocol.init Initializing ProtocolHandler ["http-nio-8080"]
16-Sep-2019 18:08:35.404 INFO [main] org.apache.coyote.AbstractProtocol.init Initializing ProtocolHandler ["ajp-nio-8009"]
16-Sep-2019 18:08:35.407 INFO [main] org.apache.catalina.startup.Catalina.load Server initialization in [641] milliseconds
16-Sep-2019 18:08:35.433 INFO [main] org.apache.catalina.core.StandardService.startInternal Starting service [Catalina]
16-Sep-2019 18:08:35.433 INFO [main] org.apache.catalina.core.StandardEngine.startInternal Starting Servlet engine: [Apache Tomcat/9.0.24]
16-Sep-2019 18:08:35.442 INFO [main] org.apache.catalina.startup.HostConfig.deployDirectory Deploying web application directory [/Users/juliachin/Desktop/CS 157A/apache-tomcat-9.0.24/webapps/docs]
16-Sep-2019 18:08:35.728 INFO [main] org.apache.catalina.startup.HostConfig.deployDirectory Deployment of web application directory [/Users/juliachin/Desktop/CS 157A/apache-tomcat-9.0.24/webapps/docs] has finished in [285] ms
16-Sep-2019 18:08:35.728 INFO [main] org.apache.catalina.startup.HostConfig.deployDirectory Deploying web application directory [/Users/juliachin/Desktop/CS 157A/apache-tomcat-9.0.24/webapps/manager]
16-Sep-2019 18:08:35.775 INFO [main] org.apache.catalina.startup.HostConfig.deployDirectory Deployment of web application directory [/Users/juliachin/Desktop/CS 157A/apache-tomcat-9.0.24/webapps/manager] has finished in [47] ms
16-Sep-2019 18:08:35.775 INFO [main] org.apache.catalina.startup.HostConfig.deployDirectory Deploying web application directory [/Users/juliachin/Desktop/CS 157A/apache-tomcat-9.0.24/webapps/examples]
16-Sep-2019 18:08:36.138 INFO [main] org.apache.catalina.startup.HostConfig.deployDirectory Deployment of web application directory [/Users/juliachin/Desktop/CS 157A/apache-tomcat-9.0.24/webapps/examples] has finished in [362] ms
16-Sep-2019 18:08:36.138 INFO [main] org.apache.catalina.startup.HostConfig.deployDirectory Deploying web application directory [/Users/juliachin/Desktop/CS 157A/apache-tomcat-9.0.24/webapps/ROOT]
16-Sep-2019 18:08:36.162 INFO [main] org.apache.catalina.startup.HostConfig.deployDirectory Deployment of web application directory [/Users/juliachin/Desktop/CS 157A/apache-tomcat-9.0.24/webapps/ROOT] has finished in [24] ms
16-Sep-2019 18:08:36.162 INFO [main] org.apache.catalina.startup.HostConfig.deployDirectory Deploying web application directory [/Users/juliachin/Desktop/CS 157A/apache-tomcat-9.0.24/webapps/host-manager]
16-Sep-2019 18:08:36.182 INFO [main] org.apache.catalina.startup.HostConfig.deployDirectory Deployment of web application directory [/Users/juliachin/Desktop/CS 157A/apache-tomcat-9.0.24/webapps/host-manager] has finished in [20] ms
16-Sep-2019 18:08:36.186 INFO [main] org.apache.coyote.AbstractProtocol.start Starting ProtocolHandler ["http-nio-8080"]
16-Sep-2019 18:08:36.192 INFO [main] org.apache.coyote.AbstractProtocol.start Starting ProtocolHandler ["ajp-nio-8009"]
16-Sep-2019 18:08:36.194 INFO [main] org.apache.catalina.startup.Catalina.start Server startup in [787] milliseconds
16-Sep-2019 18:08:36.199 SEVERE [main] org.apache.catalina.core.StandardServer.await Failed to create server shutdown socket on address [localhost] and port [8005] (base port [8005] and offset [0])
	java.net.BindException: Address already in use
		at java.net.PlainSocketImpl.socketBind(Native Method)
		at java.net.AbstractPlainSocketImpl.bind(AbstractPlainSocketImpl.java:387)
		at java.net.ServerSocket.bind(ServerSocket.java:375)
		at java.net.ServerSocket.<init>(ServerSocket.java:237)
		at org.apache.catalina.core.StandardServer.await(StandardServer.java:584)
		at org.apache.catalina.startup.Catalina.await(Catalina.java:721)
		at org.apache.catalina.startup.Catalina.start(Catalina.java:667)
		at sun.reflect.NativeMethodAccessorImpl.invoke0(Native Method)
		at sun.reflect.NativeMethodAccessorImpl.invoke(NativeMethodAccessorImpl.java:62)
		at sun.reflect.DelegatingMethodAccessorImpl.invoke(DelegatingMethodAccessorImpl.java:43)
		at java.lang.reflect.Method.invoke(Method.java:498)
		at org.apache.catalina.startup.Bootstrap.start(Bootstrap.java:344)
		at org.apache.catalina.startup.Bootstrap.main(Bootstrap.java:475)
16-Sep-2019 18:08:36.200 INFO [main] org.apache.coyote.AbstractProtocol.pause Pausing ProtocolHandler ["http-nio-8080"]
16-Sep-2019 18:08:36.210 INFO [main] org.apache.coyote.AbstractProtocol.pause Pausing ProtocolHandler ["ajp-nio-8009"]
16-Sep-2019 18:08:36.218 INFO [main] org.apache.catalina.core.StandardService.stopInternal Stopping service [Catalina]
16-Sep-2019 18:08:36.243 INFO [main] org.apache.coyote.AbstractProtocol.stop Stopping ProtocolHandler ["http-nio-8080"]
16-Sep-2019 18:08:36.249 INFO [main] org.apache.coyote.AbstractProtocol.stop Stopping ProtocolHandler ["ajp-nio-8009"]
16-Sep-2019 18:08:36.254 INFO [main] org.apache.coyote.AbstractProtocol.destroy Destroying ProtocolHandler ["http-nio-8080"]
16-Sep-2019 18:08:36.255 INFO [main] org.apache.coyote.AbstractProtocol.destroy Destroying ProtocolHandler ["ajp-nio-8009"]
16-Sep-2019 18:09:55.790 INFO [main] org.apache.catalina.startup.VersionLoggerListener.log Server version name:   Apache Tomcat/9.0.24
16-Sep-2019 18:09:55.793 INFO [main] org.apache.catalina.startup.VersionLoggerListener.log Server built:          Aug 14 2019 21:16:42 UTC
16-Sep-2019 18:09:55.793 INFO [main] org.apache.catalina.startup.VersionLoggerListener.log Server version number: 9.0.24.0
16-Sep-2019 18:09:55.793 INFO [main] org.apache.catalina.startup.VersionLoggerListener.log OS Name:               Mac OS X
16-Sep-2019 18:09:55.793 INFO [main] org.apache.catalina.startup.VersionLoggerListener.log OS Version:            10.14.3
16-Sep-2019 18:09:55.793 INFO [main] org.apache.catalina.startup.VersionLoggerListener.log Architecture:          x86_64
16-Sep-2019 18:09:55.793 INFO [main] org.apache.catalina.startup.VersionLoggerListener.log Java Home:             /Library/Java/JavaVirtualMachines/jdk1.8.0_101.jdk/Contents/Home/jre
16-Sep-2019 18:09:55.794 INFO [main] org.apache.catalina.startup.VersionLoggerListener.log JVM Version:           1.8.0_101-b13
16-Sep-2019 18:09:55.794 INFO [main] org.apache.catalina.startup.VersionLoggerListener.log JVM Vendor:            Oracle Corporation
16-Sep-2019 18:09:55.794 INFO [main] org.apache.catalina.startup.VersionLoggerListener.log CATALINA_BASE:         /Users/juliachin/Desktop/CS 157A/apache-tomcat-9.0.24
16-Sep-2019 18:09:55.794 INFO [main] org.apache.catalina.startup.VersionLoggerListener.log CATALINA_HOME:         /Users/juliachin/Desktop/CS 157A/apache-tomcat-9.0.24
16-Sep-2019 18:09:55.800 INFO [main] org.apache.catalina.startup.VersionLoggerListener.log Command line argument: -Djava.util.logging.config.file=/Users/juliachin/Desktop/CS 157A/apache-tomcat-9.0.24/conf/logging.properties
16-Sep-2019 18:09:55.801 INFO [main] org.apache.catalina.startup.VersionLoggerListener.log Command line argument: -Djava.util.logging.manager=org.apache.juli.ClassLoaderLogManager
16-Sep-2019 18:09:55.801 INFO [main] org.apache.catalina.startup.VersionLoggerListener.log Command line argument: -Djdk.tls.ephemeralDHKeySize=2048
16-Sep-2019 18:09:55.801 INFO [main] org.apache.catalina.startup.VersionLoggerListener.log Command line argument: -Djava.protocol.handler.pkgs=org.apache.catalina.webresources
16-Sep-2019 18:09:55.801 INFO [main] org.apache.catalina.startup.VersionLoggerListener.log Command line argument: -Dorg.apache.catalina.security.SecurityListener.UMASK=0027
16-Sep-2019 18:09:55.801 INFO [main] org.apache.catalina.startup.VersionLoggerListener.log Command line argument: -Dignore.endorsed.dirs=
16-Sep-2019 18:09:55.801 INFO [main] org.apache.catalina.startup.VersionLoggerListener.log Command line argument: -Dcatalina.base=/Users/juliachin/Desktop/CS 157A/apache-tomcat-9.0.24
16-Sep-2019 18:09:55.801 INFO [main] org.apache.catalina.startup.VersionLoggerListener.log Command line argument: -Dcatalina.home=/Users/juliachin/Desktop/CS 157A/apache-tomcat-9.0.24
16-Sep-2019 18:09:55.801 INFO [main] org.apache.catalina.startup.VersionLoggerListener.log Command line argument: -Djava.io.tmpdir=/Users/juliachin/Desktop/CS 157A/apache-tomcat-9.0.24/temp
16-Sep-2019 18:09:55.802 INFO [main] org.apache.catalina.core.AprLifecycleListener.lifecycleEvent The APR based Apache Tomcat Native library which allows optimal performance in production environments was not found on the java.library.path: [/Users/juliachin/Library/Java/Extensions:/Library/Java/Extensions:/Network/Library/Java/Extensions:/System/Library/Java/Extensions:/usr/lib/java:.]
16-Sep-2019 18:09:56.133 INFO [main] org.apache.coyote.AbstractProtocol.init Initializing ProtocolHandler ["http-nio-8080"]
16-Sep-2019 18:09:56.179 INFO [main] org.apache.coyote.AbstractProtocol.init Initializing ProtocolHandler ["ajp-nio-8009"]
16-Sep-2019 18:09:56.197 INFO [main] org.apache.catalina.startup.Catalina.load Server initialization in [601] milliseconds
16-Sep-2019 18:09:56.235 INFO [main] org.apache.catalina.core.StandardService.startInternal Starting service [Catalina]
16-Sep-2019 18:09:56.235 INFO [main] org.apache.catalina.core.StandardEngine.startInternal Starting Servlet engine: [Apache Tomcat/9.0.24]
16-Sep-2019 18:09:56.245 INFO [main] org.apache.catalina.startup.HostConfig.deployDirectory Deploying web application directory [/Users/juliachin/Desktop/CS 157A/apache-tomcat-9.0.24/webapps/docs]
16-Sep-2019 18:09:56.518 INFO [main] org.apache.catalina.startup.HostConfig.deployDirectory Deployment of web application directory [/Users/juliachin/Desktop/CS 157A/apache-tomcat-9.0.24/webapps/docs] has finished in [272] ms
16-Sep-2019 18:09:56.518 INFO [main] org.apache.catalina.startup.HostConfig.deployDirectory Deploying web application directory [/Users/juliachin/Desktop/CS 157A/apache-tomcat-9.0.24/webapps/manager]
16-Sep-2019 18:09:56.555 INFO [main] org.apache.catalina.startup.HostConfig.deployDirectory Deployment of web application directory [/Users/juliachin/Desktop/CS 157A/apache-tomcat-9.0.24/webapps/manager] has finished in [37] ms
16-Sep-2019 18:09:56.555 INFO [main] org.apache.catalina.startup.HostConfig.deployDirectory Deploying web application directory [/Users/juliachin/Desktop/CS 157A/apache-tomcat-9.0.24/webapps/examples]
16-Sep-2019 18:09:56.837 INFO [main] org.apache.catalina.startup.HostConfig.deployDirectory Deployment of web application directory [/Users/juliachin/Desktop/CS 157A/apache-tomcat-9.0.24/webapps/examples] has finished in [282] ms
16-Sep-2019 18:09:56.838 INFO [main] org.apache.catalina.startup.HostConfig.deployDirectory Deploying web application directory [/Users/juliachin/Desktop/CS 157A/apache-tomcat-9.0.24/webapps/ROOT]
16-Sep-2019 18:09:56.854 INFO [main] org.apache.catalina.startup.HostConfig.deployDirectory Deployment of web application directory [/Users/juliachin/Desktop/CS 157A/apache-tomcat-9.0.24/webapps/ROOT] has finished in [16] ms
16-Sep-2019 18:09:56.855 INFO [main] org.apache.catalina.startup.HostConfig.deployDirectory Deploying web application directory [/Users/juliachin/Desktop/CS 157A/apache-tomcat-9.0.24/webapps/host-manager]
16-Sep-2019 18:09:56.873 INFO [main] org.apache.catalina.startup.HostConfig.deployDirectory Deployment of web application directory [/Users/juliachin/Desktop/CS 157A/apache-tomcat-9.0.24/webapps/host-manager] has finished in [17] ms
16-Sep-2019 18:09:56.876 INFO [main] org.apache.coyote.AbstractProtocol.start Starting ProtocolHandler ["http-nio-8080"]
16-Sep-2019 18:09:56.883 INFO [main] org.apache.coyote.AbstractProtocol.start Starting ProtocolHandler ["ajp-nio-8009"]
16-Sep-2019 18:09:56.885 INFO [main] org.apache.catalina.startup.Catalina.start Server startup in [686] milliseconds
